Build started 11/17/2014 11:28:26 PM.
     1>Project "E:\MS IN COMPUTER ENG\Fall 2014 semester 2\ADS\Assignment4\Project1\Project1\Project1.vcxproj" on node 2 (Build target(s)).
     1>ClCompile:
         C:\Program Files (x86)\Microsoft Visual Studio 12.0\VC\bin\CL.exe /c /ZI /nologo /W3 /WX- /sdl /Od /Oy- /D _MBCS /Gm /EHsc /RTC1 /MDd /GS /fp:precise /Zc:wchar_t /Zc:forScope /Fo"Debug\\" /Fd"Debug\vc120.pdb" /Gd /TP /analyze- /errorReport:prompt Grader04.cpp
         Grader04.cpp
       Link:
         C:\Program Files (x86)\Microsoft Visual Studio 12.0\VC\bin\link.exe /ERRORREPORT:PROMPT /OUT:"E:\MS IN COMPUTER ENG\Fall 2014 semester 2\ADS\Assignment4\Project1\Debug\Project1.exe" /INCREMENTAL /NOLOGO kernel32.lib user32.lib gdi32.lib winspool.lib comdlg32.lib advapi32.lib shell32.lib ole32.lib oleaut32.lib uuid.lib odbc32.lib odbccp32.lib /MANIFEST /MANIFESTUAC:"level='asInvoker' uiAccess='false'" /manifest:embed /DEBUG /PDB:"E:\MS IN COMPUTER ENG\Fall 2014 semester 2\ADS\Assignment4\Project1\Debug\Project1.pdb" /TLBID:1 /DYNAMICBASE /NXCOMPAT /IMPLIB:"E:\MS IN COMPUTER ENG\Fall 2014 semester 2\ADS\Assignment4\Project1\Debug\Project1.lib" /MACHINE:X86 Debug\AbstractGrader.obj
         Debug\AVLTree.obj
         Debug\AVLTreeNode.obj
         Debug\BTree.obj
         Debug\BTreeNode.obj
         Debug\Commands04.obj
         Debug\Date.obj
         Debug\Factory04.obj
         Debug\Grader04.obj
         Debug\main.obj
         Debug\ObjectFactory.obj
         Debug\Point.obj
         Debug\Random.obj
         Debug\RTree.obj
         Debug\Stopwatch.obj
         Debug\UnixStopwatch.obj
         Debug\WindowsStopwatch.obj
         Project1.vcxproj -> E:\MS IN COMPUTER ENG\Fall 2014 semester 2\ADS\Assignment4\Project1\Debug\Project1.exe
     1>Done Building Project "E:\MS IN COMPUTER ENG\Fall 2014 semester 2\ADS\Assignment4\Project1\Project1\Project1.vcxproj" (Build target(s)).

Build succeeded.

Time Elapsed 00:00:02.36
